[debug] [2022-11-04T01:13:10.619Z] ----------------------------------------------------------------------
[debug] [2022-11-04T01:13:10.620Z] Command:       /usr/local/bin/node /usr/local/bin/firebase init
[debug] [2022-11-04T01:13:10.621Z] CLI Version:   11.16.0
[debug] [2022-11-04T01:13:10.621Z] Platform:      darwin
[debug] [2022-11-04T01:13:10.621Z] Node Version:  v16.17.0
[debug] [2022-11-04T01:13:10.622Z] Time:          Thu Nov 03 2022 21:13:10 GMT-0400 (Eastern Daylight Time)
[debug] [2022-11-04T01:13:10.622Z] ----------------------------------------------------------------------
[debug] 
[debug] [2022-11-04T01:13:10.676Z] > command requires scopes: ["email","openid","https://www.googleapis.com/auth/cloudplatformprojects.readonly","https://www.googleapis.com/auth/firebase","https://www.googleapis.com/auth/cloud-platform"]
[debug] [2022-11-04T01:13:10.676Z] > authorizing via signed-in user (dendenthemighty@gmail.com)
[info] 
     ######## #### ########  ######## ########     ###     ######  ########
     ##        ##  ##     ## ##       ##     ##  ##   ##  ##       ##
     ######    ##  ########  ######   ########  #########  ######  ######
     ##        ##  ##    ##  ##       ##     ## ##     ##       ## ##
     ##       #### ##     ## ######## ########  ##     ##  ######  ########

You're about to initialize a Firebase project in this directory:

  /Users/denny/Desktop/repos

Before we get started, keep in mind:

  * You are initializing within an existing Firebase project directory

