[debug] [2022-11-04T01:13:10.619Z] ----------------------------------------------------------------------
[debug] [2022-11-04T01:13:10.620Z] Command:       /usr/local/bin/node /usr/local/bin/firebase init
[debug] [2022-11-04T01:13:10.621Z] CLI Version:   11.16.0
[debug] [2022-11-04T01:13:10.621Z] Platform:      darwin
[debug] [2022-11-04T01:13:10.621Z] Node Version:  v16.17.0
[debug] [2022-11-04T01:13:10.622Z] Time:          Thu Nov 03 2022 21:13:10 GMT-0400 (Eastern Daylight Time)
[debug] [2022-11-04T01:13:10.622Z] ----------------------------------------------------------------------
[debug] 
[debug] [2022-11-04T01:13:10.676Z] > command requires scopes: ["email","openid","https://www.googleapis.com/auth/cloudplatformprojects.readonly","https://www.googleapis.com/auth/firebase","https://www.googleapis.com/auth/cloud-platform"]
[debug] [2022-11-04T01:13:10.676Z] > authorizing via signed-in user (dendenthemighty@gmail.com)
[info] 
     ######## #### ########  ######## ########     ###     ######  ########
     ##        ##  ##     ## ##       ##     ##  ##   ##  ##       ##
     ######    ##  ########  ######   ########  #########  ######  ######
     ##        ##  ##    ##  ##       ##     ## ##     ##       ## ##
     ##       #### ##     ## ######## ########  ##     ##  ######  ########

You're about to initialize a Firebase project in this directory:

  /Users/denny/Desktop/repos

Before we get started, keep in mind:

  * You are initializing within an existing Firebase project directory

[debug] [2022-11-04T01:15:41.446Z] ----------------------------------------------------------------------
[debug] [2022-11-04T01:15:41.448Z] Command:       /usr/local/bin/node /usr/local/bin/firebase init
[debug] [2022-11-04T01:15:41.448Z] CLI Version:   11.16.0
[debug] [2022-11-04T01:15:41.449Z] Platform:      darwin
[debug] [2022-11-04T01:15:41.449Z] Node Version:  v16.17.0
[debug] [2022-11-04T01:15:41.450Z] Time:          Thu Nov 03 2022 21:15:41 GMT-0400 (Eastern Daylight Time)
[debug] [2022-11-04T01:15:41.451Z] ----------------------------------------------------------------------
[debug] 
[debug] [2022-11-04T01:15:41.518Z] > command requires scopes: ["email","openid","https://www.googleapis.com/auth/cloudplatformprojects.readonly","https://www.googleapis.com/auth/firebase","https://www.googleapis.com/auth/cloud-platform"]
[debug] [2022-11-04T01:15:41.518Z] > authorizing via signed-in user (dendenthemighty@gmail.com)
[info] 
     ######## #### ########  ######## ########     ###     ######  ########
     ##        ##  ##     ## ##       ##     ##  ##   ##  ##       ##
     ######    ##  ########  ######   ########  #########  ######  ######
     ##        ##  ##    ##  ##       ##     ## ##     ##       ## ##
     ##       #### ##     ## ######## ########  ##     ##  ######  ########

You're about to initialize a Firebase project in this directory:

  /Users/denny/Desktop/repos

Before we get started, keep in mind:

  * You are initializing within an existing Firebase project directory

[info] 
=== Project Setup
[info] 
[info] First, let's associate this project directory with a Firebase project.
[info] You can create multiple project aliases by running firebase use --add, 
[info] but for now we'll just set up a default project.
[info] 
[debug] [2022-11-04T01:16:52.798Z] Using project from CLI flag: denny-mccarthy
[debug] [2022-11-04T01:16:52.802Z] >>> [apiv2][query] GET https://firebase.googleapis.com/v1beta1/projects/denny-mccarthy [none]
[debug] [2022-11-04T01:16:53.183Z] <<< [apiv2][status] GET https://firebase.googleapis.com/v1beta1/projects/denny-mccarthy 200
[debug] [2022-11-04T01:16:53.184Z] <<< [apiv2][body] GET https://firebase.googleapis.com/v1beta1/projects/denny-mccarthy {"projectId":"denny-mccarthy","projectNumber":"221917529679","displayName":"Denny McCarthy","name":"projects/denny-mccarthy","resources":{"hostingSite":"denny-mccarthy"},"state":"ACTIVE","etag":"1_25cef9e8-98cf-480c-90d0-ff5a1c0b1d74"}
[info] i  Using project denny-mccarthy (Denny McCarthy) 
[info] 
=== Hosting Setup
[info] 
[info] Your public directory is the folder (relative to your project directory) that
[info] will contain Hosting assets to be uploaded with firebase deploy. If you
[info] have a build process for your assets, use your build's output directory.
[info] 
